2025-07-01 21:43:52,229 P1652 [INFO] ************************************************************
2025-07-01 21:43:52,229 P1652 [INFO] ConfigSet _OnInstanceBoot
2025-07-01 21:43:52,232 P1652 [INFO] ++++++++++++++++++++++++++++++++++++++++++++++++++++++++++++
2025-07-01 21:43:52,232 P1652 [INFO] Config AWSEBBaseConfig
2025-07-01 21:43:52,414 P1652 [INFO] ============================================================
2025-07-01 21:43:52,414 P1652 [INFO] Command clearbackupfiles
2025-07-01 21:43:52,425 P1652 [INFO] Completed successfully.
2025-07-01 21:43:52,428 P1652 [INFO] ++++++++++++++++++++++++++++++++++++++++++++++++++++++++++++
2025-07-01 21:43:52,428 P1652 [INFO] Config AWSEBCfnHupEndpointOverride
2025-07-01 21:43:52,430 P1652 [INFO] ============================================================
2025-07-01 21:43:52,430 P1652 [INFO] Command clearbackupfiles
2025-07-01 21:43:52,433 P1652 [INFO] Completed successfully.
2025-07-01 21:45:50,103 P1915 [INFO] ************************************************************
2025-07-01 21:45:50,103 P1915 [INFO] ConfigSet Infra-EmbeddedPreBuild
2025-07-01 21:45:57,427 P2087 [INFO] ************************************************************
2025-07-01 21:45:57,427 P2087 [INFO] ConfigSet Infra-EmbeddedPostBuild
2025-07-01 21:47:50,887 P2347 [INFO] ************************************************************
2025-07-01 21:47:50,887 P2347 [INFO] ConfigSet Infra-EmbeddedPreBuild
2025-07-01 21:47:59,157 P2544 [INFO] ************************************************************
2025-07-01 21:47:59,158 P2544 [INFO] ConfigSet Infra-EmbeddedPostBuild
2025-07-01 21:52:26,229 P3048 [INFO] ************************************************************
2025-07-01 21:52:26,229 P3048 [INFO] ConfigSet Infra-EmbeddedPreBuild
2025-07-01 21:52:34,612 P3275 [INFO] ************************************************************
2025-07-01 21:52:34,612 P3275 [INFO] ConfigSet Infra-EmbeddedPostBuild
2025-07-01 21:55:25,434 P3681 [INFO] ************************************************************
2025-07-01 21:55:25,435 P3681 [INFO] ConfigSet Infra-EmbeddedPreBuild
2025-07-01 21:55:33,617 P3909 [INFO] ************************************************************
2025-07-01 21:55:33,618 P3909 [INFO] ConfigSet Infra-EmbeddedPostBuild
2025-07-01 21:58:13,807 P4312 [INFO] ************************************************************
2025-07-01 21:58:13,807 P4312 [INFO] ConfigSet Infra-EmbeddedPreBuild
2025-07-01 21:58:22,165 P4540 [INFO] ************************************************************
2025-07-01 21:58:22,166 P4540 [INFO] ConfigSet Infra-EmbeddedPostBuild
2025-07-01 22:03:35,901 P5164 [INFO] ************************************************************
2025-07-01 22:03:35,902 P5164 [INFO] ConfigSet Infra-EmbeddedPreBuild
2025-07-01 22:03:44,115 P5407 [INFO] ************************************************************
2025-07-01 22:03:44,117 P5407 [INFO] ConfigSet Infra-EmbeddedPostBuild
2025-07-02 00:27:09,398 P11127 [INFO] ************************************************************
2025-07-02 00:27:09,398 P11127 [INFO] ConfigSet Infra-EmbeddedPreBuild
2025-07-02 00:27:17,647 P11299 [INFO] ************************************************************
2025-07-02 00:27:17,648 P11299 [INFO] ConfigSet Infra-EmbeddedPostBuild
2025-07-02 00:33:26,156 P11841 [INFO] ************************************************************
2025-07-02 00:33:26,156 P11841 [INFO] ConfigSet Infra-EmbeddedPreBuild
2025-07-02 00:33:34,644 P12072 [INFO] ************************************************************
2025-07-02 00:33:34,645 P12072 [INFO] ConfigSet Infra-EmbeddedPostBuild
2025-07-02 00:35:45,550 P12450 [INFO] ************************************************************
2025-07-02 00:35:45,550 P12450 [INFO] ConfigSet Infra-EmbeddedPreBuild
2025-07-02 00:35:51,887 P12683 [INFO] ************************************************************
2025-07-02 00:35:51,887 P12683 [INFO] ConfigSet Infra-EmbeddedPostBuild
2025-07-02 00:38:53,893 P13121 [INFO] ************************************************************
2025-07-02 00:38:53,893 P13121 [INFO] ConfigSet Infra-EmbeddedPreBuild
2025-07-02 00:38:57,414 P13297 [INFO] ************************************************************
2025-07-02 00:38:57,414 P13297 [INFO] ConfigSet Infra-EmbeddedPostBuild
2025-07-02 00:52:58,617 P14101 [INFO] ************************************************************
2025-07-02 00:52:58,617 P14101 [INFO] ConfigSet Infra-EmbeddedPreBuild
2025-07-02 00:53:03,179 P14276 [INFO] ************************************************************
2025-07-02 00:53:03,179 P14276 [INFO] ConfigSet Infra-EmbeddedPostBuild
2025-07-02 00:57:27,839 P14747 [INFO] ************************************************************
2025-07-02 00:57:27,839 P14747 [INFO] ConfigSet Infra-EmbeddedPreBuild
2025-07-02 00:57:31,431 P14978 [INFO] ************************************************************
2025-07-02 00:57:31,431 P14978 [INFO] ConfigSet Infra-EmbeddedPostBuild
2025-07-02 01:00:48,655 P15444 [INFO] ************************************************************
2025-07-02 01:00:48,655 P15444 [INFO] ConfigSet Infra-EmbeddedPreBuild
2025-07-02 01:00:52,153 P15618 [INFO] ************************************************************
2025-07-02 01:00:52,153 P15618 [INFO] ConfigSet Infra-EmbeddedPostBuild
2025-07-02 01:08:44,969 P16271 [INFO] ************************************************************
2025-07-02 01:08:44,969 P16271 [INFO] ConfigSet Infra-EmbeddedPreBuild
2025-07-02 01:08:48,644 P16448 [INFO] ************************************************************
2025-07-02 01:08:48,644 P16448 [INFO] ConfigSet Infra-EmbeddedPostBuild
2025-07-02 01:19:16,469 P17159 [INFO] ************************************************************
2025-07-02 01:19:16,469 P17159 [INFO] ConfigSet Infra-EmbeddedPreBuild
2025-07-02 01:19:20,151 P17335 [INFO] ************************************************************
2025-07-02 01:19:20,151 P17335 [INFO] ConfigSet Infra-EmbeddedPostBuild
