2025-07-01 21:43:55,654 [DEBUG] CloudFormation client initialized with endpoint https://cloudformation.us-west-1.amazonaws.com
2025-07-01 21:43:55,655 [DEBUG] SQS client initialized with endpoint https://sqs.us-west-1.amazonaws.com
2025-07-01 21:43:55,655 [DEBUG] CloudFormation client initialized with endpoint https://cloudformation.us-west-1.amazonaws.com
2025-07-01 21:43:55,655 [DEBUG] Enabled single threading mode.
2025-07-01 21:43:55,655 [DEBUG] Creating /var/lib/cfn-hup/data
2025-07-01 21:43:55,667 [INFO] No umask value specified in config file. Using the default one: 0o22
2025-07-01 21:43:55,733 [INFO] Pid: 1783
2025-07-01 21:43:56,055 [INFO] Refreshing listener credentials
2025-07-01 21:43:56,140 [INFO] Scheduling next credential refresh in 1799.0 seconds
2025-07-01 21:45:48,373 [INFO] Received command ElasticBeanstalkCommand-AWSEBAutoScalingGroup (invocation id: 6dc78da0-46a0-46ba-adce-450cd9562b45)
2025-07-01 21:45:48,373 [INFO] Running action for aws-eb-command-handler
2025-07-01 21:46:14,041 [INFO] Action for aws-eb-command-handler succeeded, returning SUCCESS
2025-07-01 21:47:49,265 [INFO] Received command ElasticBeanstalkCommand-AWSEBAutoScalingGroup (invocation id: 1da17e60-36c3-4bd8-87ac-d7b643c5ffce)
2025-07-01 21:47:49,265 [INFO] Running action for aws-eb-command-handler
2025-07-01 21:48:21,576 [INFO] Action for aws-eb-command-handler succeeded, returning SUCCESS
2025-07-01 21:48:43,736 [INFO] Received command ElasticBeanstalkCommand-AWSEBAutoScalingGroup (invocation id: d9557e85-b8a6-4a2a-a837-bf331830e716)
2025-07-01 21:48:43,736 [INFO] Running action for aws-eb-command-handler
2025-07-01 21:48:44,507 [INFO] Action for aws-eb-command-handler succeeded, returning SUCCESS
2025-07-01 21:49:04,600 [INFO] command processing is alive.
2025-07-01 21:49:45,231 [INFO] Received command ElasticBeanstalkCommand-AWSEBAutoScalingGroup (invocation id: a421ac91-61ca-4f3d-aeba-e79013b4ae52)
2025-07-01 21:49:45,231 [INFO] Running action for aws-eb-command-handler
2025-07-01 21:49:46,009 [INFO] Action for aws-eb-command-handler succeeded, returning SUCCESS
2025-07-01 21:52:24,618 [INFO] Received command ElasticBeanstalkCommand-AWSEBAutoScalingGroup (invocation id: c2fad7e4-40cc-46eb-9de1-db5864341610)
2025-07-01 21:52:24,618 [INFO] Running action for aws-eb-command-handler
2025-07-01 21:52:39,628 [INFO] Action for aws-eb-command-handler succeeded, returning SUCCESS
2025-07-01 21:53:47,783 [INFO] Received command ElasticBeanstalkCommand-AWSEBAutoScalingGroup (invocation id: 1d0636ef-8d97-4301-9cbd-697890b8db29)
2025-07-01 21:53:47,783 [INFO] Running action for aws-eb-command-handler
2025-07-01 21:53:48,503 [INFO] Action for aws-eb-command-handler succeeded, returning SUCCESS
2025-07-01 21:54:08,591 [INFO] command processing is alive.
2025-07-01 21:55:23,843 [INFO] Received command ElasticBeanstalkCommand-AWSEBAutoScalingGroup (invocation id: 21daa352-a25d-49aa-b1a9-e94e7f66d531)
2025-07-01 21:55:23,843 [INFO] Running action for aws-eb-command-handler
2025-07-01 21:55:53,166 [INFO] Action for aws-eb-command-handler succeeded, returning SUCCESS
2025-07-01 21:56:19,742 [INFO] Received command ElasticBeanstalkCommand-AWSEBAutoScalingGroup (invocation id: 091503b7-71a5-4057-a829-b299f8e9ccee)
2025-07-01 21:56:19,742 [INFO] Running action for aws-eb-command-handler
2025-07-01 21:56:20,485 [INFO] Action for aws-eb-command-handler succeeded, returning SUCCESS
2025-07-01 21:58:12,253 [INFO] Received command ElasticBeanstalkCommand-AWSEBAutoScalingGroup (invocation id: 78630a5a-5892-4472-94b8-ac7eaa1d6feb)
2025-07-01 21:58:12,253 [INFO] Running action for aws-eb-command-handler
2025-07-01 21:58:26,803 [INFO] Action for aws-eb-command-handler succeeded, returning SUCCESS
2025-07-01 21:59:11,415 [INFO] Received command ElasticBeanstalkCommand-AWSEBAutoScalingGroup (invocation id: 0627bd5a-bfa8-4010-a751-1e7f9245db5e)
2025-07-01 21:59:11,416 [INFO] Running action for aws-eb-command-handler
2025-07-01 21:59:12,144 [INFO] Action for aws-eb-command-handler succeeded, returning SUCCESS
2025-07-01 21:59:12,199 [INFO] command processing is alive.
2025-07-01 21:59:31,279 [INFO] Received command ElasticBeanstalkCommand-AWSEBAutoScalingGroup (invocation id: 2ac29044-a140-4709-91a5-e4d1a379a15f)
2025-07-01 21:59:31,280 [INFO] Running action for aws-eb-command-handler
2025-07-01 21:59:32,044 [INFO] Action for aws-eb-command-handler succeeded, returning SUCCESS
2025-07-01 22:03:34,281 [INFO] Received command ElasticBeanstalkCommand-AWSEBAutoScalingGroup (invocation id: 361df206-a7a2-4470-9958-8ccbb8f2b029)
2025-07-01 22:03:34,281 [INFO] Running action for aws-eb-command-handler
2025-07-01 22:04:03,954 [INFO] Action for aws-eb-command-handler succeeded, returning SUCCESS
2025-07-01 22:04:24,072 [INFO] command processing is alive.
2025-07-01 22:09:24,501 [INFO] command processing is alive.
2025-07-01 22:13:55,140 [INFO] Refreshing listener credentials
2025-07-01 22:13:55,232 [INFO] Scheduling next credential refresh in 1799.0 seconds
2025-07-01 22:14:24,936 [INFO] command processing is alive.
2025-07-01 22:19:25,383 [INFO] command processing is alive.
2025-07-01 22:24:25,803 [INFO] command processing is alive.
2025-07-01 22:29:26,232 [INFO] command processing is alive.
2025-07-01 22:34:26,664 [INFO] command processing is alive.
2025-07-01 22:39:27,073 [INFO] command processing is alive.
2025-07-01 22:43:54,232 [INFO] Refreshing listener credentials
2025-07-01 22:43:54,308 [INFO] Scheduling next credential refresh in 1799.0 seconds
2025-07-01 22:44:27,474 [INFO] command processing is alive.
2025-07-01 22:49:27,884 [INFO] command processing is alive.
2025-07-01 22:54:28,291 [INFO] command processing is alive.
2025-07-01 22:59:28,717 [INFO] command processing is alive.
2025-07-01 23:04:29,149 [INFO] command processing is alive.
2025-07-01 23:09:29,545 [INFO] command processing is alive.
2025-07-01 23:13:53,309 [INFO] Refreshing listener credentials
2025-07-01 23:13:53,391 [INFO] Scheduling next credential refresh in 1799.0 seconds
2025-07-01 23:14:29,957 [INFO] command processing is alive.
2025-07-01 23:19:30,394 [INFO] command processing is alive.
2025-07-01 23:24:30,792 [INFO] command processing is alive.
2025-07-01 23:29:31,203 [INFO] command processing is alive.
2025-07-01 23:34:31,629 [INFO] command processing is alive.
2025-07-01 23:39:32,038 [INFO] command processing is alive.
2025-07-01 23:43:52,391 [INFO] Refreshing listener credentials
2025-07-01 23:43:52,482 [INFO] Scheduling next credential refresh in 1799.0 seconds
2025-07-01 23:44:32,460 [INFO] command processing is alive.
2025-07-01 23:49:32,870 [INFO] command processing is alive.
2025-07-01 23:54:33,264 [INFO] command processing is alive.
2025-07-01 23:59:33,688 [INFO] command processing is alive.
2025-07-02 00:04:34,112 [INFO] command processing is alive.
2025-07-02 00:09:34,536 [INFO] command processing is alive.
2025-07-02 00:13:51,482 [INFO] Refreshing listener credentials
2025-07-02 00:13:51,565 [INFO] Scheduling next credential refresh in 1799.0 seconds
2025-07-02 00:14:34,958 [INFO] command processing is alive.
2025-07-02 00:19:35,403 [INFO] command processing is alive.
2025-07-02 00:24:00,973 [INFO] Received command ElasticBeanstalkCommand-AWSEBAutoScalingGroup (invocation id: dedcaa7a-dc78-4993-946f-71be2536acb1)
2025-07-02 00:24:00,973 [INFO] Running action for aws-eb-command-handler
2025-07-02 00:24:02,961 [INFO] Action for aws-eb-command-handler succeeded, returning SUCCESS
2025-07-02 00:24:43,159 [INFO] command processing is alive.
2025-07-02 00:27:07,793 [INFO] Received command ElasticBeanstalkCommand-AWSEBAutoScalingGroup (invocation id: 2003985f-ab3a-4802-9ce3-17f6c97dc2e5)
2025-07-02 00:27:07,793 [INFO] Running action for aws-eb-command-handler
2025-07-02 00:27:37,250 [INFO] Action for aws-eb-command-handler succeeded, returning SUCCESS
2025-07-02 00:28:34,682 [INFO] Received command ElasticBeanstalkCommand-AWSEBAutoScalingGroup (invocation id: d7f952f1-3d83-4157-9822-f9df17765fa2)
2025-07-02 00:28:34,682 [INFO] Running action for aws-eb-command-handler
2025-07-02 00:28:35,524 [INFO] Action for aws-eb-command-handler succeeded, returning SUCCESS
2025-07-02 00:29:55,694 [INFO] command processing is alive.
2025-07-02 00:33:24,532 [INFO] Received command ElasticBeanstalkCommand-AWSEBAutoScalingGroup (invocation id: 96745a2d-c9b5-423b-868d-f727649be7fd)
2025-07-02 00:33:24,532 [INFO] Running action for aws-eb-command-handler
2025-07-02 00:33:54,665 [INFO] Action for aws-eb-command-handler succeeded, returning SUCCESS
2025-07-02 00:35:14,831 [INFO] command processing is alive.
2025-07-02 00:35:44,244 [INFO] Received command ElasticBeanstalkCommand-AWSEBAutoScalingGroup (invocation id: b2efe2f2-6fb6-42eb-855d-7b6741b47113)
2025-07-02 00:35:44,244 [INFO] Running action for aws-eb-command-handler
2025-07-02 00:35:56,795 [INFO] Action for aws-eb-command-handler succeeded, returning SUCCESS
2025-07-02 00:38:52,604 [INFO] Received command ElasticBeanstalkCommand-AWSEBAutoScalingGroup (invocation id: 7a1d21b2-fc66-4c73-b1cf-41fef9af08bc)
2025-07-02 00:38:52,604 [INFO] Running action for aws-eb-command-handler
2025-07-02 00:39:00,645 [INFO] Action for aws-eb-command-handler succeeded, returning SUCCESS
2025-07-02 00:40:20,871 [INFO] command processing is alive.
2025-07-02 00:43:50,565 [INFO] Refreshing listener credentials
2025-07-02 00:43:50,645 [INFO] Scheduling next credential refresh in 1799.0 seconds
2025-07-02 00:45:21,345 [INFO] command processing is alive.
2025-07-02 00:50:21,906 [INFO] command processing is alive.
2025-07-02 00:52:57,312 [INFO] Received command ElasticBeanstalkCommand-AWSEBAutoScalingGroup (invocation id: 73e4447c-15dc-45e6-b23d-e32555bbdaec)
2025-07-02 00:52:57,312 [INFO] Running action for aws-eb-command-handler
2025-07-02 00:53:06,184 [INFO] Action for aws-eb-command-handler succeeded, returning SUCCESS
2025-07-02 00:54:29,378 [INFO] Received command ElasticBeanstalkCommand-AWSEBAutoScalingGroup (invocation id: b540504b-edf0-46d2-8020-d3f5a23fa2f0)
2025-07-02 00:54:29,378 [INFO] Running action for aws-eb-command-handler
2025-07-02 00:54:30,176 [INFO] Action for aws-eb-command-handler succeeded, returning SUCCESS
2025-07-02 00:55:30,330 [INFO] command processing is alive.
2025-07-02 00:57:26,507 [INFO] Received command ElasticBeanstalkCommand-AWSEBAutoScalingGroup (invocation id: 02d4a20f-6530-4896-8dc7-0aab9a6d54d4)
2025-07-02 00:57:26,507 [INFO] Running action for aws-eb-command-handler
2025-07-02 00:57:34,474 [INFO] Action for aws-eb-command-handler succeeded, returning SUCCESS
2025-07-02 00:59:15,025 [INFO] Received command ElasticBeanstalkCommand-AWSEBAutoScalingGroup (invocation id: c70ec49c-1ecb-4f76-bab1-65dae18e8551)
2025-07-02 00:59:15,025 [INFO] Running action for aws-eb-command-handler
2025-07-02 00:59:15,784 [INFO] Action for aws-eb-command-handler succeeded, returning SUCCESS
2025-07-02 01:00:35,953 [INFO] command processing is alive.
2025-07-02 01:00:47,379 [INFO] Received command ElasticBeanstalkCommand-AWSEBAutoScalingGroup (invocation id: c438d916-2649-46d7-8da8-fba6893e4a3d)
2025-07-02 01:00:47,380 [INFO] Running action for aws-eb-command-handler
2025-07-02 01:00:55,284 [INFO] Action for aws-eb-command-handler succeeded, returning SUCCESS
2025-07-02 01:05:55,782 [INFO] command processing is alive.
2025-07-02 01:08:43,688 [INFO] Received command ElasticBeanstalkCommand-AWSEBAutoScalingGroup (invocation id: 69ef1b95-d918-45ca-b8c5-f03e9d0837c9)
2025-07-02 01:08:43,688 [INFO] Running action for aws-eb-command-handler
2025-07-02 01:08:51,664 [INFO] Action for aws-eb-command-handler succeeded, returning SUCCESS
2025-07-02 01:11:11,910 [INFO] command processing is alive.
2025-07-02 01:13:49,646 [INFO] Refreshing listener credentials
2025-07-02 01:13:49,723 [INFO] Scheduling next credential refresh in 1799.0 seconds
2025-07-02 01:16:12,302 [INFO] command processing is alive.
2025-07-02 01:16:20,448 [INFO] Received command ElasticBeanstalkCommand-AWSEBAutoScalingGroup (invocation id: bc77ccde-4139-4ae5-a2aa-bff22bc67889)
2025-07-02 01:16:20,448 [INFO] Running action for aws-eb-command-handler
2025-07-02 01:16:21,263 [INFO] Action for aws-eb-command-handler succeeded, returning SUCCESS
2025-07-02 01:19:15,191 [INFO] Received command ElasticBeanstalkCommand-AWSEBAutoScalingGroup (invocation id: c305cd54-c2f2-444a-8630-a4f301bc80ab)
2025-07-02 01:19:15,191 [INFO] Running action for aws-eb-command-handler
2025-07-02 01:19:38,431 [INFO] Action for aws-eb-command-handler succeeded, returning SUCCESS
2025-07-02 01:20:50,189 [INFO] Received command ElasticBeanstalkCommand-AWSEBAutoScalingGroup (invocation id: 58da2022-654f-41b0-9568-30dce20d1e02)
2025-07-02 01:20:50,189 [INFO] Running action for aws-eb-command-handler
2025-07-02 01:20:50,911 [INFO] Action for aws-eb-command-handler succeeded, returning SUCCESS
2025-07-02 01:21:31,018 [INFO] command processing is alive.
2025-07-02 01:21:45,787 [INFO] Received command ElasticBeanstalkCommand-AWSEBAutoScalingGroup (invocation id: d1527fee-fba5-4737-91f1-c717704d2d99)
2025-07-02 01:21:45,788 [INFO] Running action for aws-eb-command-handler
2025-07-02 01:21:46,670 [INFO] Action for aws-eb-command-handler succeeded, returning SUCCESS
2025-07-02 01:24:59,246 [INFO] Received command ElasticBeanstalkCommand-AWSEBAutoScalingGroup (invocation id: 429931d2-3063-4b6a-97f1-604c9160c2f6)
2025-07-02 01:24:59,246 [INFO] Running action for aws-eb-command-handler
2025-07-02 01:25:08,571 [INFO] Action for aws-eb-command-handler succeeded, returning SUCCESS
2025-07-02 01:26:48,791 [INFO] command processing is alive.
2025-07-02 01:27:17,155 [INFO] Received command ElasticBeanstalkCommand-AWSEBAutoScalingGroup (invocation id: 47b8b35f-f0ff-4de8-9423-5caf36c47334)
2025-07-02 01:27:17,155 [INFO] Running action for aws-eb-command-handler
2025-07-02 01:27:17,885 [INFO] Action for aws-eb-command-handler succeeded, returning SUCCESS
2025-07-02 01:30:36,841 [INFO] Received command ElasticBeanstalkCommand-AWSEBAutoScalingGroup (invocation id: 8c968d54-dd5b-429a-a62a-5c4fd4b2e66e)
2025-07-02 01:30:36,842 [INFO] Running action for aws-eb-command-handler
2025-07-02 01:30:45,425 [INFO] Action for aws-eb-command-handler succeeded, returning SUCCESS
2025-07-02 01:32:05,592 [INFO] command processing is alive.
2025-07-02 01:32:24,280 [INFO] Received command ElasticBeanstalkCommand-AWSEBAutoScalingGroup (invocation id: f58ba5d6-b6e3-4432-8bf5-9e1e6b673722)
2025-07-02 01:32:24,281 [INFO] Running action for aws-eb-command-handler
2025-07-02 01:32:24,979 [INFO] Action for aws-eb-command-handler succeeded, returning SUCCESS
2025-07-02 01:35:19,581 [INFO] Received command ElasticBeanstalkCommand-AWSEBAutoScalingGroup (invocation id: c7f9f86c-2ae2-44eb-811c-446f6347763e)
2025-07-02 01:35:19,581 [INFO] Running action for aws-eb-command-handler
2025-07-02 01:35:27,656 [INFO] Action for aws-eb-command-handler succeeded, returning SUCCESS
2025-07-02 01:37:07,849 [INFO] command processing is alive.
2025-07-02 01:42:08,260 [INFO] command processing is alive.
2025-07-02 01:43:38,734 [INFO] Received command ElasticBeanstalkCommand-AWSEBAutoScalingGroup (invocation id: fb17101d-18d2-4e97-bf22-6d74bdc71056)
2025-07-02 01:43:38,735 [INFO] Running action for aws-eb-command-handler
2025-07-02 01:43:48,723 [INFO] Refreshing listener credentials
2025-07-02 01:43:48,773 [INFO] Action for aws-eb-command-handler succeeded, returning SUCCESS
2025-07-02 01:43:48,837 [INFO] Scheduling next credential refresh in 1799.0 seconds
2025-07-02 01:46:01,690 [INFO] Received command ElasticBeanstalkCommand-AWSEBAutoScalingGroup (invocation id: 09dcd050-1cc6-4c92-9278-00fda1964089)
2025-07-02 01:46:01,691 [INFO] Running action for aws-eb-command-handler
2025-07-02 01:46:03,334 [INFO] Action for aws-eb-command-handler succeeded, returning SUCCESS
2025-07-02 01:47:17,072 [INFO] Received command ElasticBeanstalkCommand-AWSEBAutoScalingGroup (invocation id: c633660f-c574-4c38-aa63-ee23dfcbf4b6)
2025-07-02 01:47:17,072 [INFO] Running action for aws-eb-command-handler
2025-07-02 01:47:24,985 [INFO] Action for aws-eb-command-handler succeeded, returning SUCCESS
2025-07-02 01:47:25,063 [INFO] command processing is alive.
2025-07-02 01:48:51,268 [INFO] Received command ElasticBeanstalkCommand-AWSEBAutoScalingGroup (invocation id: 9e6f1449-c85c-4048-b291-a1b0e1241b28)
2025-07-02 01:48:51,268 [INFO] Running action for aws-eb-command-handler
2025-07-02 01:48:51,987 [INFO] Action for aws-eb-command-handler succeeded, returning SUCCESS
2025-07-02 01:50:10,508 [INFO] Received command ElasticBeanstalkCommand-AWSEBAutoScalingGroup (invocation id: 397fb519-a5c4-4b7c-8c19-99a97a1cd4b1)
2025-07-02 01:50:10,508 [INFO] Running action for aws-eb-command-handler
2025-07-02 01:50:11,236 [INFO] Action for aws-eb-command-handler succeeded, returning SUCCESS
2025-07-02 01:50:44,426 [INFO] Received command ElasticBeanstalkCommand-AWSEBAutoScalingGroup (invocation id: 9d337055-612c-4e37-bf6e-8dc045468416)
2025-07-02 01:50:44,426 [INFO] Running action for aws-eb-command-handler
