2025-07-01 21:43:55,654 [DEBUG] CloudFormation client initialized with endpoint https://cloudformation.us-west-1.amazonaws.com
2025-07-01 21:43:55,655 [DEBUG] SQS client initialized with endpoint https://sqs.us-west-1.amazonaws.com
2025-07-01 21:43:55,655 [DEBUG] CloudFormation client initialized with endpoint https://cloudformation.us-west-1.amazonaws.com
2025-07-01 21:43:55,655 [DEBUG] Enabled single threading mode.
2025-07-01 21:43:55,655 [DEBUG] Creating /var/lib/cfn-hup/data
2025-07-01 21:43:55,667 [INFO] No umask value specified in config file. Using the default one: 0o22
2025-07-01 21:43:55,733 [INFO] Pid: 1783
2025-07-01 21:43:56,055 [INFO] Refreshing listener credentials
2025-07-01 21:43:56,140 [INFO] Scheduling next credential refresh in 1799.0 seconds
2025-07-01 21:45:48,373 [INFO] Received command ElasticBeanstalkCommand-AWSEBAutoScalingGroup (invocation id: 6dc78da0-46a0-46ba-adce-450cd9562b45)
2025-07-01 21:45:48,373 [INFO] Running action for aws-eb-command-handler
2025-07-01 21:46:14,041 [INFO] Action for aws-eb-command-handler succeeded, returning SUCCESS
2025-07-01 21:47:49,265 [INFO] Received command ElasticBeanstalkCommand-AWSEBAutoScalingGroup (invocation id: 1da17e60-36c3-4bd8-87ac-d7b643c5ffce)
2025-07-01 21:47:49,265 [INFO] Running action for aws-eb-command-handler
2025-07-01 21:48:21,576 [INFO] Action for aws-eb-command-handler succeeded, returning SUCCESS
2025-07-01 21:48:43,736 [INFO] Received command ElasticBeanstalkCommand-AWSEBAutoScalingGroup (invocation id: d9557e85-b8a6-4a2a-a837-bf331830e716)
2025-07-01 21:48:43,736 [INFO] Running action for aws-eb-command-handler
2025-07-01 21:48:44,507 [INFO] Action for aws-eb-command-handler succeeded, returning SUCCESS
2025-07-01 21:49:04,600 [INFO] command processing is alive.
2025-07-01 21:49:45,231 [INFO] Received command ElasticBeanstalkCommand-AWSEBAutoScalingGroup (invocation id: a421ac91-61ca-4f3d-aeba-e79013b4ae52)
2025-07-01 21:49:45,231 [INFO] Running action for aws-eb-command-handler
2025-07-01 21:49:46,009 [INFO] Action for aws-eb-command-handler succeeded, returning SUCCESS
2025-07-01 21:52:24,618 [INFO] Received command ElasticBeanstalkCommand-AWSEBAutoScalingGroup (invocation id: c2fad7e4-40cc-46eb-9de1-db5864341610)
2025-07-01 21:52:24,618 [INFO] Running action for aws-eb-command-handler
2025-07-01 21:52:39,628 [INFO] Action for aws-eb-command-handler succeeded, returning SUCCESS
2025-07-01 21:53:47,783 [INFO] Received command ElasticBeanstalkCommand-AWSEBAutoScalingGroup (invocation id: 1d0636ef-8d97-4301-9cbd-697890b8db29)
2025-07-01 21:53:47,783 [INFO] Running action for aws-eb-command-handler
2025-07-01 21:53:48,503 [INFO] Action for aws-eb-command-handler succeeded, returning SUCCESS
2025-07-01 21:54:08,591 [INFO] command processing is alive.
2025-07-01 21:55:23,843 [INFO] Received command ElasticBeanstalkCommand-AWSEBAutoScalingGroup (invocation id: 21daa352-a25d-49aa-b1a9-e94e7f66d531)
2025-07-01 21:55:23,843 [INFO] Running action for aws-eb-command-handler
2025-07-01 21:55:53,166 [INFO] Action for aws-eb-command-handler succeeded, returning SUCCESS
2025-07-01 21:56:19,742 [INFO] Received command ElasticBeanstalkCommand-AWSEBAutoScalingGroup (invocation id: 091503b7-71a5-4057-a829-b299f8e9ccee)
2025-07-01 21:56:19,742 [INFO] Running action for aws-eb-command-handler
2025-07-01 21:56:20,485 [INFO] Action for aws-eb-command-handler succeeded, returning SUCCESS
2025-07-01 21:58:12,253 [INFO] Received command ElasticBeanstalkCommand-AWSEBAutoScalingGroup (invocation id: 78630a5a-5892-4472-94b8-ac7eaa1d6feb)
2025-07-01 21:58:12,253 [INFO] Running action for aws-eb-command-handler
2025-07-01 21:58:26,803 [INFO] Action for aws-eb-command-handler succeeded, returning SUCCESS
2025-07-01 21:59:11,415 [INFO] Received command ElasticBeanstalkCommand-AWSEBAutoScalingGroup (invocation id: 0627bd5a-bfa8-4010-a751-1e7f9245db5e)
2025-07-01 21:59:11,416 [INFO] Running action for aws-eb-command-handler
2025-07-01 21:59:12,144 [INFO] Action for aws-eb-command-handler succeeded, returning SUCCESS
2025-07-01 21:59:12,199 [INFO] command processing is alive.
2025-07-01 21:59:31,279 [INFO] Received command ElasticBeanstalkCommand-AWSEBAutoScalingGroup (invocation id: 2ac29044-a140-4709-91a5-e4d1a379a15f)
2025-07-01 21:59:31,280 [INFO] Running action for aws-eb-command-handler
2025-07-01 21:59:32,044 [INFO] Action for aws-eb-command-handler succeeded, returning SUCCESS
2025-07-01 22:03:34,281 [INFO] Received command ElasticBeanstalkCommand-AWSEBAutoScalingGroup (invocation id: 361df206-a7a2-4470-9958-8ccbb8f2b029)
2025-07-01 22:03:34,281 [INFO] Running action for aws-eb-command-handler
2025-07-01 22:04:03,954 [INFO] Action for aws-eb-command-handler succeeded, returning SUCCESS
2025-07-01 22:04:24,072 [INFO] command processing is alive.
2025-07-01 22:09:24,501 [INFO] command processing is alive.
2025-07-01 22:13:55,140 [INFO] Refreshing listener credentials
2025-07-01 22:13:55,232 [INFO] Scheduling next credential refresh in 1799.0 seconds
2025-07-01 22:14:24,936 [INFO] command processing is alive.
2025-07-01 22:19:25,383 [INFO] command processing is alive.
2025-07-01 22:24:25,803 [INFO] command processing is alive.
2025-07-01 22:29:26,232 [INFO] command processing is alive.
2025-07-01 22:34:26,664 [INFO] command processing is alive.
2025-07-01 22:39:27,073 [INFO] command processing is alive.
2025-07-01 22:43:54,232 [INFO] Refreshing listener credentials
2025-07-01 22:43:54,308 [INFO] Scheduling next credential refresh in 1799.0 seconds
2025-07-01 22:44:27,474 [INFO] command processing is alive.
2025-07-01 22:49:27,884 [INFO] command processing is alive.
2025-07-01 22:54:28,291 [INFO] command processing is alive.
2025-07-01 22:59:28,717 [INFO] command processing is alive.
2025-07-01 23:04:29,149 [INFO] command processing is alive.
2025-07-01 23:09:29,545 [INFO] command processing is alive.
2025-07-01 23:13:53,309 [INFO] Refreshing listener credentials
2025-07-01 23:13:53,391 [INFO] Scheduling next credential refresh in 1799.0 seconds
2025-07-01 23:14:29,957 [INFO] command processing is alive.
2025-07-01 23:19:30,394 [INFO] command processing is alive.
2025-07-01 23:24:30,792 [INFO] command processing is alive.
2025-07-01 23:29:31,203 [INFO] command processing is alive.
2025-07-01 23:34:31,629 [INFO] command processing is alive.
2025-07-01 23:39:32,038 [INFO] command processing is alive.
2025-07-01 23:43:52,391 [INFO] Refreshing listener credentials
2025-07-01 23:43:52,482 [INFO] Scheduling next credential refresh in 1799.0 seconds
2025-07-01 23:44:32,460 [INFO] command processing is alive.
2025-07-01 23:49:32,870 [INFO] command processing is alive.
2025-07-01 23:54:33,264 [INFO] command processing is alive.
2025-07-01 23:59:33,688 [INFO] command processing is alive.
2025-07-02 00:04:34,112 [INFO] command processing is alive.
2025-07-02 00:09:34,536 [INFO] command processing is alive.
2025-07-02 00:13:51,482 [INFO] Refreshing listener credentials
2025-07-02 00:13:51,565 [INFO] Scheduling next credential refresh in 1799.0 seconds
2025-07-02 00:14:34,958 [INFO] command processing is alive.
2025-07-02 00:19:35,403 [INFO] command processing is alive.
2025-07-02 00:24:00,973 [INFO] Received command ElasticBeanstalkCommand-AWSEBAutoScalingGroup (invocation id: dedcaa7a-dc78-4993-946f-71be2536acb1)
2025-07-02 00:24:00,973 [INFO] Running action for aws-eb-command-handler
2025-07-02 00:24:02,961 [INFO] Action for aws-eb-command-handler succeeded, returning SUCCESS
2025-07-02 00:24:43,159 [INFO] command processing is alive.
2025-07-02 00:27:07,793 [INFO] Received command ElasticBeanstalkCommand-AWSEBAutoScalingGroup (invocation id: 2003985f-ab3a-4802-9ce3-17f6c97dc2e5)
2025-07-02 00:27:07,793 [INFO] Running action for aws-eb-command-handler
2025-07-02 00:27:37,250 [INFO] Action for aws-eb-command-handler succeeded, returning SUCCESS
2025-07-02 00:28:34,682 [INFO] Received command ElasticBeanstalkCommand-AWSEBAutoScalingGroup (invocation id: d7f952f1-3d83-4157-9822-f9df17765fa2)
2025-07-02 00:28:34,682 [INFO] Running action for aws-eb-command-handler
