2025-07-01 21:43:52,229 P1652 [INFO] ************************************************************
2025-07-01 21:43:52,229 P1652 [INFO] ConfigSet _OnInstanceBoot
2025-07-01 21:43:52,232 P1652 [INFO] ++++++++++++++++++++++++++++++++++++++++++++++++++++++++++++
2025-07-01 21:43:52,232 P1652 [INFO] Config AWSEBBaseConfig
2025-07-01 21:43:52,414 P1652 [INFO] ============================================================
2025-07-01 21:43:52,414 P1652 [INFO] Command clearbackupfiles
2025-07-01 21:43:52,425 P1652 [INFO] Completed successfully.
2025-07-01 21:43:52,428 P1652 [INFO] ++++++++++++++++++++++++++++++++++++++++++++++++++++++++++++
2025-07-01 21:43:52,428 P1652 [INFO] Config AWSEBCfnHupEndpointOverride
2025-07-01 21:43:52,430 P1652 [INFO] ============================================================
2025-07-01 21:43:52,430 P1652 [INFO] Command clearbackupfiles
2025-07-01 21:43:52,433 P1652 [INFO] Completed successfully.
2025-07-01 21:45:50,103 P1915 [INFO] ************************************************************
2025-07-01 21:45:50,103 P1915 [INFO] ConfigSet Infra-EmbeddedPreBuild
2025-07-01 21:45:57,427 P2087 [INFO] ************************************************************
2025-07-01 21:45:57,427 P2087 [INFO] ConfigSet Infra-EmbeddedPostBuild
2025-07-01 21:47:50,887 P2347 [INFO] ************************************************************
2025-07-01 21:47:50,887 P2347 [INFO] ConfigSet Infra-EmbeddedPreBuild
2025-07-01 21:47:59,157 P2544 [INFO] ************************************************************
2025-07-01 21:47:59,158 P2544 [INFO] ConfigSet Infra-EmbeddedPostBuild
2025-07-01 21:52:26,229 P3048 [INFO] ************************************************************
2025-07-01 21:52:26,229 P3048 [INFO] ConfigSet Infra-EmbeddedPreBuild
2025-07-01 21:52:34,612 P3275 [INFO] ************************************************************
2025-07-01 21:52:34,612 P3275 [INFO] ConfigSet Infra-EmbeddedPostBuild
2025-07-01 21:55:25,434 P3681 [INFO] ************************************************************
2025-07-01 21:55:25,435 P3681 [INFO] ConfigSet Infra-EmbeddedPreBuild
2025-07-01 21:55:33,617 P3909 [INFO] ************************************************************
2025-07-01 21:55:33,618 P3909 [INFO] ConfigSet Infra-EmbeddedPostBuild
2025-07-01 21:58:13,807 P4312 [INFO] ************************************************************
2025-07-01 21:58:13,807 P4312 [INFO] ConfigSet Infra-EmbeddedPreBuild
2025-07-01 21:58:22,165 P4540 [INFO] ************************************************************
2025-07-01 21:58:22,166 P4540 [INFO] ConfigSet Infra-EmbeddedPostBuild
2025-07-01 22:03:35,901 P5164 [INFO] ************************************************************
2025-07-01 22:03:35,902 P5164 [INFO] ConfigSet Infra-EmbeddedPreBuild
2025-07-01 22:03:44,115 P5407 [INFO] ************************************************************
2025-07-01 22:03:44,117 P5407 [INFO] ConfigSet Infra-EmbeddedPostBuild
2025-07-02 00:27:09,398 P11127 [INFO] ************************************************************
2025-07-02 00:27:09,398 P11127 [INFO] ConfigSet Infra-EmbeddedPreBuild
2025-07-02 00:27:17,647 P11299 [INFO] ************************************************************
2025-07-02 00:27:17,648 P11299 [INFO] ConfigSet Infra-EmbeddedPostBuild
